d:\代码黑洞\mshow_v3.0.3.x_fb_outputlocalnet\packages\obs-qsv11\obs-qsv11-vs2015\release\obs-qsv11.pdb
d:\代码黑洞\mshow_v3.0.3.x_fb_outputlocalnet\packages\obs-qsv11\obs-qsv11-vs2015\release\device_directx9.obj
d:\代码黑洞\mshow_v3.0.3.x_fb_outputlocalnet\packages\obs-qsv11\obs-qsv11-vs2015\release\common_utils_windows.obj
d:\代码黑洞\mshow_v3.0.3.x_fb_outputlocalnet\packages\obs-qsv11\obs-qsv11-vs2015\release\common_utils.obj
d:\代码黑洞\mshow_v3.0.3.x_fb_outputlocalnet\packages\obs-qsv11\obs-qsv11-vs2015\release\common_directx9.obj
d:\代码黑洞\mshow_v3.0.3.x_fb_outputlocalnet\packages\obs-qsv11\obs-qsv11-vs2015\release\common_directx11.obj
d:\代码黑洞\mshow_v3.0.3.x_fb_outputlocalnet\packages\obs-qsv11\obs-qsv11-vs2015\release\qsv_encoder.obj
d:\代码黑洞\mshow_v3.0.3.x_fb_outputlocalnet\packages\obs-qsv11\obs-qsv11-vs2015\release\qsv_encoder_internal.obj
d:\代码黑洞\mshow_v3.0.3.x_fb_outputlocalnet\packages\obs-qsv11\obs-qsv11-vs2015\release\mfx_win_reg_key.obj
d:\代码黑洞\mshow_v3.0.3.x_fb_outputlocalnet\packages\obs-qsv11\obs-qsv11-vs2015\release\mfx_plugin_hive.obj
d:\代码黑洞\mshow_v3.0.3.x_fb_outputlocalnet\packages\obs-qsv11\obs-qsv11-vs2015\release\mfx_load_plugin.obj
d:\代码黑洞\mshow_v3.0.3.x_fb_outputlocalnet\packages\obs-qsv11\obs-qsv11-vs2015\release\mfx_load_dll.obj
d:\代码黑洞\mshow_v3.0.3.x_fb_outputlocalnet\packages\obs-qsv11\obs-qsv11-vs2015\release\mfx_library_iterator.obj
d:\代码黑洞\mshow_v3.0.3.x_fb_outputlocalnet\packages\obs-qsv11\obs-qsv11-vs2015\release\mfx_function_table.obj
d:\代码黑洞\mshow_v3.0.3.x_fb_outputlocalnet\packages\obs-qsv11\obs-qsv11-vs2015\release\mfx_dxva2_device.obj
d:\代码黑洞\mshow_v3.0.3.x_fb_outputlocalnet\packages\obs-qsv11\obs-qsv11-vs2015\release\mfx_dispatcher_log.obj
d:\代码黑洞\mshow_v3.0.3.x_fb_outputlocalnet\packages\obs-qsv11\obs-qsv11-vs2015\release\mfx_dispatcher.obj
d:\代码黑洞\mshow_v3.0.3.x_fb_outputlocalnet\packages\obs-qsv11\obs-qsv11-vs2015\release\mfx_critical_section.obj
d:\代码黑洞\mshow_v3.0.3.x_fb_outputlocalnet\packages\obs-qsv11\obs-qsv11-vs2015\release\main.obj
d:\代码黑洞\mshow_v3.0.3.x_fb_outputlocalnet\bin\release\obs-qsv11.lib
d:\代码黑洞\mshow_v3.0.3.x_fb_outputlocalnet\packages\obs-qsv11\obs-qsv11-vs2015\release\vc90.idb
d:\代码黑洞\mshow_v3.0.3.x_fb_outputlocalnet\packages\obs-qsv11\obs-qsv11-vs2015\release\vc90.pdb
d:\代码黑洞\mshow_v3.0.3.x_fb_outputlocalnet\packages\obs-qsv11\obs-qsv11-vs2015\release\obs-qsv11.tlog\cl.command.1.tlog
d:\代码黑洞\mshow_v3.0.3.x_fb_outputlocalnet\packages\obs-qsv11\obs-qsv11-vs2015\release\obs-qsv11.tlog\cl.read.1.tlog
d:\代码黑洞\mshow_v3.0.3.x_fb_outputlocalnet\packages\obs-qsv11\obs-qsv11-vs2015\release\obs-qsv11.tlog\cl.write.1.tlog
d:\代码黑洞\mshow_v3.0.3.x_fb_outputlocalnet\packages\obs-qsv11\obs-qsv11-vs2015\release\obs-qsv11.tlog\lib-link.read.1.tlog
d:\代码黑洞\mshow_v3.0.3.x_fb_outputlocalnet\packages\obs-qsv11\obs-qsv11-vs2015\release\obs-qsv11.tlog\lib-link.write.1.tlog
d:\代码黑洞\mshow_v3.0.3.x_fb_outputlocalnet\packages\obs-qsv11\obs-qsv11-vs2015\release\obs-qsv11.tlog\lib.command.1.tlog
